<?xml version="1.0" encoding="UTF-8"?>
<!-- Generated by org.testng.reporters.JUnitReportReporter -->
<testsuite hostname="NAVN" failures="0" tests="4" name="testCases.TC003_LoginDDT" time="20.742" errors="0" timestamp="2025-05-30T22:39:01 IST" skipped="0">
  <testcase classname="testCases.TC003_LoginDDT" name="verify_loginDDT" time="2.831"/>
  <testcase classname="testCases.TC003_LoginDDT" name="verify_loginDDT" time="2.781"/>
  <testcase classname="testCases.TC003_LoginDDT" name="verify_loginDDT" time="3.296"/>
  <testcase classname="testCases.TC003_LoginDDT" name="verify_loginDDT" time="11.834"/>
</testsuite> <!-- testCases.TC003_LoginDDT -->
