<?xml version="1.0" encoding="UTF-8"?>
<!-- Generated by org.testng.reporters.JUnitReportReporter -->
<testsuite hostname="NAVN" failures="0" tests="1" name="testCases.TC_001LoginTest" time="2.140" errors="0" timestamp="2025-05-30T22:01:03 IST" skipped="0">
  <testcase classname="testCases.TC_001LoginTest" name="actualtest" time="2.140"/>
</testsuite> <!-- testCases.TC_001LoginTest -->
