<?xml version="1.0" encoding="UTF-8"?>
<!-- Generated by org.testng.reporters.JUnitReportReporter -->
<testsuite hostname="NAVN" failures="0" tests="1" name="testCases.TC_004SearchTest" time="0.919" errors="0" timestamp="2025-05-30T21:58:57 IST" skipped="0">
  <testcase classname="testCases.TC_004SearchTest" name="searchTest1" time="0.919"/>
</testsuite> <!-- testCases.TC_004SearchTest -->
