<?xml version="1.0" encoding="UTF-8"?>
<!-- Generated by org.testng.reporters.JUnitReportReporter -->
<testsuite hostname="NAVN" failures="0" tests="4" name="testCases.TC003_LoginDDT" time="22.408" errors="0" timestamp="2025-05-30T22:01:03 IST" skipped="0">
  <testcase classname="testCases.TC003_LoginDDT" name="verify_loginDDT" time="11.885"/>
  <testcase classname="testCases.TC003_LoginDDT" name="verify_loginDDT" time="3.251"/>
  <testcase classname="testCases.TC003_LoginDDT" name="verify_loginDDT" time="3.531"/>
  <testcase classname="testCases.TC003_LoginDDT" name="verify_loginDDT" time="3.741"/>
</testsuite> <!-- testCases.TC003_LoginDDT -->
