<?xml version="1.0" encoding="UTF-8"?>
<!-- Generated by org.testng.reporters.JUnitReportReporter -->
<testsuite hostname="NAVN" failures="0" tests="1" name="testCases.TC_001AccountRegistation" time="12.155" errors="0" timestamp="2025-05-30T22:01:03 IST" skipped="0">
  <testcase classname="testCases.TC_001AccountRegistation" name="actualtest" time="12.155"/>
</testsuite> <!-- testCases.TC_001AccountRegistation -->
